This file contains any messages produced by compilers while
running configure, to aid debugging if configure makes a mistake.

It was created by ape  configure 1.0 , which was
generated by GNU Autoconf 2.69.  Invocation command line was

  $ ./configure 

## --------- ##
## Platform. ##
## --------- ##

hostname = gs66-glu
uname -m = x86_64
uname -r = 3.10.0-514.6.2.el7.x86_64
uname -s = Linux
uname -v = #1 SMP Wed Feb 22 11:09:31 CST 2017

/usr/bin/uname -p = x86_64
/bin/uname -X     = unknown

/bin/arch              = x86_64
/usr/bin/arch -k       = unknown
/usr/convex/getsysinfo = unknown
/usr/bin/hostinfo      = unknown
/bin/machine           = unknown
/usr/bin/oslevel       = unknown
/bin/universe          = unknown

PATH: /local/data/glu1/areustle/anaconda2
PATH: /local/data/glu1/areustle/anaconda2/bin
PATH: /usr/lib64/qt-3.3/bin
PATH: /usr/local/bin
PATH: /usr/local/sbin
PATH: /usr/bin
PATH: /usr/sbin
PATH: /bin
PATH: /sbin


## ----------- ##
## Core tests. ##
## ----------- ##

configure:2236: checking for a BSD-compatible install
configure:2304: result: /usr/bin/install -c
configure:2315: checking whether build environment is sane
configure:2370: result: yes
configure:2521: checking for a thread-safe mkdir -p
configure:2560: result: /usr/bin/mkdir -p
configure:2567: checking for gawk
configure:2583: found /usr/bin/gawk
configure:2594: result: gawk
configure:2605: checking whether make sets $(MAKE)
configure:2627: result: yes
configure:2656: checking whether make supports nested variables
configure:2673: result: yes
configure:2814: checking for gcc
configure:2830: found /local/data/glu1/areustle/anaconda2/bin/gcc
configure:2841: result: gcc
configure:3070: checking for C compiler version
configure:3079: gcc --version >&5
gcc (GCC) 4.8.5
Copyright (C) 2015 Free Software Foundation, Inc.
This is free software; see the source for copying conditions.  There is NO
warranty; not even for MERCHANTABILITY or FITNESS FOR A PARTICULAR PURPOSE.

configure:3090: $? = 0
configure:3079: gcc -v >&5
Using built-in specs.
COLLECT_GCC=gcc
COLLECT_LTO_WRAPPER=/local/data/glu1/areustle/anaconda2/bin/../libexec/gcc/x86_64-unknown-linux-gnu/4.8.5/lto-wrapper
Target: x86_64-unknown-linux-gnu
Configured with: ./configure --prefix=/home/ray/mc-x64-2.7/conda-bld/gcc_1479223211463/_b_env_placehold_placehold_placehold_placehold_placehold_placehold_placehold_placehold_placehold_placehold_placehold_placehold_placehold_placehold_placehold_placehold_placehold_placehold_placehold_placehold --with-gxx-include-dir=/home/ray/mc-x64-2.7/conda-bld/gcc_1479223211463/_b_env_placehold_placehold_placehold_placehold_placehold_placehold_placehold_placehold_placehold_placehold_placehold_placehold_placehold_placehold_placehold_placehold_placehold_placehold_placehold_placehold/gcc/include/c++ --bindir=/home/ray/mc-x64-2.7/conda-bld/gcc_1479223211463/_b_env_placehold_placehold_placehold_placehold_placehold_placehold_placehold_placehold_placehold_placehold_placehold_placehold_placehold_placehold_placehold_placehold_placehold_placehold_placehold_placehold/bin --datarootdir=/home/ray/mc-x64-2.7/conda-bld/gcc_1479223211463/_b_env_placehold_placehold_placehold_placehold_placehold_placehold_placehold_placehold_placehold_placehold_placehold_placehold_placehold_placehold_placehold_placehold_placehold_placehold_placehold_placehold/share --libdir=/home/ray/mc-x64-2.7/conda-bld/gcc_1479223211463/_b_env_placehold_placehold_placehold_placehold_placehold_placehold_placehold_placehold_placehold_placehold_placehold_placehold_placehold_placehold_placehold_placehold_placehold_placehold_placehold_placehold/lib --with-gmp=/home/ray/mc-x64-2.7/conda-bld/gcc_1479223211463/_b_env_placehold_placehold_placehold_placehold_placehold_placehold_placehold_placehold_placehold_placehold_placehold_placehold_placehold_placehold_placehold_placehold_placehold_placehold_placehold_placehold --with-mpfr=/home/ray/mc-x64-2.7/conda-bld/gcc_1479223211463/_b_env_placehold_placehold_placehold_placehold_placehold_placehold_placehold_placehold_placehold_placehold_placehold_placehold_placehold_placehold_placehold_placehold_placehold_placehold_placehold_placehold --with-mpc=/home/ray/mc-x64-2.7/conda-bld/gcc_1479223211463/_b_env_placehold_placehold_placehold_placehold_placehold_placehold_placehold_placehold_placehold_placehold_placehold_placehold_placehold_placehold_placehold_placehold_placehold_placehold_placehold_placehold --with-isl=/home/ray/mc-x64-2.7/conda-bld/gcc_1479223211463/_b_env_placehold_placehold_placehold_placehold_placehold_placehold_placehold_placehold_placehold_placehold_placehold_placehold_placehold_placehold_placehold_placehold_placehold_placehold_placehold_placehold --with-cloog=/home/ray/mc-x64-2.7/conda-bld/gcc_1479223211463/_b_env_placehold_placehold_placehold_placehold_placehold_placehold_placehold_placehold_placehold_placehold_placehold_placehold_placehold_placehold_placehold_placehold_placehold_placehold_placehold_placehold --enable-checking=release --with-tune=generic --disable-multilib
Thread model: posix
gcc version 4.8.5 (GCC) 
configure:3090: $? = 0
configure:3079: gcc -V >&5
gcc: error: unrecognized command line option '-V'
gcc: fatal error: no input files
compilation terminated.
configure:3090: $? = 1
configure:3079: gcc -qversion >&5
gcc: error: unrecognized command line option '-qversion'
gcc: fatal error: no input files
compilation terminated.
configure:3090: $? = 1
configure:3110: checking whether the C compiler works
configure:3132: gcc    conftest.c  >&5
/usr/bin/ld: skipping incompatible /lib/../lib/libc.so when searching for -lc
/usr/bin/ld: skipping incompatible /usr/lib/../lib/libc.so when searching for -lc
configure:3136: $? = 0
configure:3184: result: yes
configure:3187: checking for C compiler default output file name
configure:3189: result: a.out
configure:3195: checking for suffix of executables
configure:3202: gcc -o conftest    conftest.c  >&5
/usr/bin/ld: skipping incompatible /lib/../lib/libc.so when searching for -lc
/usr/bin/ld: skipping incompatible /usr/lib/../lib/libc.so when searching for -lc
configure:3206: $? = 0
configure:3228: result: 
configure:3250: checking whether we are cross compiling
configure:3258: gcc -o conftest    conftest.c  >&5
/usr/bin/ld: skipping incompatible /lib/../lib/libc.so when searching for -lc
/usr/bin/ld: skipping incompatible /usr/lib/../lib/libc.so when searching for -lc
configure:3262: $? = 0
configure:3269: ./conftest
configure:3273: $? = 0
configure:3288: result: no
configure:3293: checking for suffix of object files
configure:3315: gcc -c   conftest.c >&5
configure:3319: $? = 0
configure:3340: result: o
configure:3344: checking whether we are using the GNU C compiler
configure:3363: gcc -c   conftest.c >&5
configure:3363: $? = 0
configure:3372: result: yes
configure:3381: checking whether gcc accepts -g
configure:3401: gcc -c -g  conftest.c >&5
configure:3401: $? = 0
configure:3442: result: yes
configure:3459: checking for gcc option to accept ISO C89
configure:3522: gcc  -c -g -O2  conftest.c >&5
configure:3522: $? = 0
configure:3535: result: none needed
configure:3566: checking for style of include used by make
configure:3594: result: GNU
configure:3620: checking dependency style of gcc
configure:3731: result: none
configure:3749: checking for library containing free_readline_memory 
configure:3780: gcc -o conftest -g -O2   conftest.c  >&5
/usr/bin/ld: skipping incompatible /lib/../lib/libc.so when searching for -lc
/usr/bin/ld: skipping incompatible /usr/lib/../lib/libc.so when searching for -lc
/tmp/ccKsEjF1.o: In function `main':
/Home/lhea2/areustle/glu/src/ape/conftest.c:22: undefined reference to `free_readline_memory'
collect2: error: ld returned 1 exit status
configure:3780: $? = 1
configure: failed program was:
| /* confdefs.h */
| #define PACKAGE_NAME "ape "
| #define PACKAGE_TARNAME "ape-"
| #define PACKAGE_VERSION "1.0 "
| #define PACKAGE_STRING "ape  1.0 "
| #define PACKAGE_BUGREPORT ""
| #define PACKAGE_URL ""
| #define PACKAGE "ape-"
| #define VERSION "1.0 "
| /* end confdefs.h.  */
| 
| /* Override any GCC internal prototype to avoid an error.
|    Use char because int might match the return type of a GCC
|    builtin and then its argument prototype would still apply.  */
| #ifdef __cplusplus
| extern "C"
| #endif
| char free_readline_memory  ();
| int
| main ()
| {
| return free_readline_memory  ();
|   ;
|   return 0;
| }
configure:3780: gcc -o conftest -g -O2   conftest.c -lreadline   >&5
/usr/bin/ld: skipping incompatible /lib/../lib/libc.so when searching for -lc
/usr/bin/ld: skipping incompatible /usr/lib/../lib/libc.so when searching for -lc
/tmp/cc8HwJC5.o: In function `main':
/Home/lhea2/areustle/glu/src/ape/conftest.c:22: undefined reference to `free_readline_memory'
/local/data/glu1/areustle/anaconda2/bin/../lib/gcc/x86_64-unknown-linux-gnu/4.8.5/../../../../lib/libreadline.so: undefined reference to `tputs'
/local/data/glu1/areustle/anaconda2/bin/../lib/gcc/x86_64-unknown-linux-gnu/4.8.5/../../../../lib/libreadline.so: undefined reference to `tgoto'
/local/data/glu1/areustle/anaconda2/bin/../lib/gcc/x86_64-unknown-linux-gnu/4.8.5/../../../../lib/libreadline.so: undefined reference to `tgetflag'
/local/data/glu1/areustle/anaconda2/bin/../lib/gcc/x86_64-unknown-linux-gnu/4.8.5/../../../../lib/libreadline.so: undefined reference to `UP'
/local/data/glu1/areustle/anaconda2/bin/../lib/gcc/x86_64-unknown-linux-gnu/4.8.5/../../../../lib/libreadline.so: undefined reference to `tgetent'
/local/data/glu1/areustle/anaconda2/bin/../lib/gcc/x86_64-unknown-linux-gnu/4.8.5/../../../../lib/libreadline.so: undefined reference to `tgetnum'
/local/data/glu1/areustle/anaconda2/bin/../lib/gcc/x86_64-unknown-linux-gnu/4.8.5/../../../../lib/libreadline.so: undefined reference to `PC'
/local/data/glu1/areustle/anaconda2/bin/../lib/gcc/x86_64-unknown-linux-gnu/4.8.5/../../../../lib/libreadline.so: undefined reference to `tgetstr'
/local/data/glu1/areustle/anaconda2/bin/../lib/gcc/x86_64-unknown-linux-gnu/4.8.5/../../../../lib/libreadline.so: undefined reference to `BC'
collect2: error: ld returned 1 exit status
configure:3780: $? = 1
configure: failed program was:
| /* confdefs.h */
| #define PACKAGE_NAME "ape "
| #define PACKAGE_TARNAME "ape-"
| #define PACKAGE_VERSION "1.0 "
| #define PACKAGE_STRING "ape  1.0 "
| #define PACKAGE_BUGREPORT ""
| #define PACKAGE_URL ""
| #define PACKAGE "ape-"
| #define VERSION "1.0 "
| /* end confdefs.h.  */
| 
| /* Override any GCC internal prototype to avoid an error.
|    Use char because int might match the return type of a GCC
|    builtin and then its argument prototype would still apply.  */
| #ifdef __cplusplus
| extern "C"
| #endif
| char free_readline_memory  ();
| int
| main ()
| {
| return free_readline_memory  ();
|   ;
|   return 0;
| }
configure:3797: result: no
configure:3812: checking how to run the C preprocessor
configure:3843: gcc -E  conftest.c
configure:3843: $? = 0
configure:3857: gcc -E  conftest.c
conftest.c:11:28: fatal error: ac_nonexistent.h: No such file or directory
 #include <ac_nonexistent.h>
                            ^
compilation terminated.
configure:3857: $? = 1
configure: failed program was:
| /* confdefs.h */
| #define PACKAGE_NAME "ape "
| #define PACKAGE_TARNAME "ape-"
| #define PACKAGE_VERSION "1.0 "
| #define PACKAGE_STRING "ape  1.0 "
| #define PACKAGE_BUGREPORT ""
| #define PACKAGE_URL ""
| #define PACKAGE "ape-"
| #define VERSION "1.0 "
| /* end confdefs.h.  */
| #include <ac_nonexistent.h>
configure:3882: result: gcc -E
configure:3902: gcc -E  conftest.c
configure:3902: $? = 0
configure:3916: gcc -E  conftest.c
conftest.c:11:28: fatal error: ac_nonexistent.h: No such file or directory
 #include <ac_nonexistent.h>
                            ^
compilation terminated.
configure:3916: $? = 1
configure: failed program was:
| /* confdefs.h */
| #define PACKAGE_NAME "ape "
| #define PACKAGE_TARNAME "ape-"
| #define PACKAGE_VERSION "1.0 "
| #define PACKAGE_STRING "ape  1.0 "
| #define PACKAGE_BUGREPORT ""
| #define PACKAGE_URL ""
| #define PACKAGE "ape-"
| #define VERSION "1.0 "
| /* end confdefs.h.  */
| #include <ac_nonexistent.h>
configure:3945: checking for grep that handles long lines and -e
configure:4003: result: /usr/bin/grep
configure:4008: checking for egrep
configure:4070: result: /usr/bin/grep -E
configure:4075: checking for ANSI C header files
configure:4095: gcc -c -g -O2  conftest.c >&5
configure:4095: $? = 0
configure:4168: gcc -o conftest -g -O2   conftest.c  >&5
/usr/bin/ld: skipping incompatible /lib/../lib/libc.so when searching for -lc
/usr/bin/ld: skipping incompatible /usr/lib/../lib/libc.so when searching for -lc
configure:4168: $? = 0
configure:4168: ./conftest
configure:4168: $? = 0
configure:4179: result: yes
configure:4192: checking for sys/types.h
configure:4192: gcc -c -g -O2  conftest.c >&5
configure:4192: $? = 0
configure:4192: result: yes
configure:4192: checking for sys/stat.h
configure:4192: gcc -c -g -O2  conftest.c >&5
configure:4192: $? = 0
configure:4192: result: yes
configure:4192: checking for stdlib.h
configure:4192: gcc -c -g -O2  conftest.c >&5
configure:4192: $? = 0
configure:4192: result: yes
configure:4192: checking for string.h
configure:4192: gcc -c -g -O2  conftest.c >&5
configure:4192: $? = 0
configure:4192: result: yes
configure:4192: checking for memory.h
configure:4192: gcc -c -g -O2  conftest.c >&5
configure:4192: $? = 0
configure:4192: result: yes
configure:4192: checking for strings.h
configure:4192: gcc -c -g -O2  conftest.c >&5
configure:4192: $? = 0
configure:4192: result: yes
configure:4192: checking for inttypes.h
configure:4192: gcc -c -g -O2  conftest.c >&5
configure:4192: $? = 0
configure:4192: result: yes
configure:4192: checking for stdint.h
configure:4192: gcc -c -g -O2  conftest.c >&5
configure:4192: $? = 0
configure:4192: result: yes
configure:4192: checking for unistd.h
configure:4192: gcc -c -g -O2  conftest.c >&5
configure:4192: $? = 0
configure:4192: result: yes
configure:4207: checking float.h usability
configure:4207: gcc -c -g -O2  conftest.c >&5
configure:4207: $? = 0
configure:4207: result: yes
configure:4207: checking float.h presence
configure:4207: gcc -E  conftest.c
configure:4207: $? = 0
configure:4207: result: yes
configure:4207: checking for float.h
configure:4207: result: yes
configure:4207: checking limits.h usability
configure:4207: gcc -c -g -O2  conftest.c >&5
configure:4207: $? = 0
configure:4207: result: yes
configure:4207: checking limits.h presence
configure:4207: gcc -E  conftest.c
configure:4207: $? = 0
configure:4207: result: yes
configure:4207: checking for limits.h
configure:4207: result: yes
configure:4207: checking malloc.h usability
configure:4207: gcc -c -g -O2  conftest.c >&5
configure:4207: $? = 0
configure:4207: result: yes
configure:4207: checking malloc.h presence
configure:4207: gcc -E  conftest.c
configure:4207: $? = 0
configure:4207: result: yes
configure:4207: checking for malloc.h
configure:4207: result: yes
configure:4207: checking stddef.h usability
configure:4207: gcc -c -g -O2  conftest.c >&5
configure:4207: $? = 0
configure:4207: result: yes
configure:4207: checking stddef.h presence
configure:4207: gcc -E  conftest.c
configure:4207: $? = 0
configure:4207: result: yes
configure:4207: checking for stddef.h
configure:4207: result: yes
configure:4207: checking for stdlib.h
configure:4207: result: yes
configure:4207: checking for string.h
configure:4207: result: yes
configure:4207: checking for unistd.h
configure:4207: result: yes
configure:4219: checking for size_t
configure:4219: gcc -c -g -O2  conftest.c >&5
configure:4219: $? = 0
configure:4219: gcc -c -g -O2  conftest.c >&5
conftest.c: In function 'main':
conftest.c:64:21: error: expected expression before ')' token
 if (sizeof ((size_t)))
                     ^
configure:4219: $? = 1
configure: failed program was:
| /* confdefs.h */
| #define PACKAGE_NAME "ape "
| #define PACKAGE_TARNAME "ape-"
| #define PACKAGE_VERSION "1.0 "
| #define PACKAGE_STRING "ape  1.0 "
| #define PACKAGE_BUGREPORT ""
| #define PACKAGE_URL ""
| #define PACKAGE "ape-"
| #define VERSION "1.0 "
| #define STDC_HEADERS 1
| #define HAVE_SYS_TYPES_H 1
| #define HAVE_SYS_STAT_H 1
| #define HAVE_STDLIB_H 1
| #define HAVE_STRING_H 1
| #define HAVE_MEMORY_H 1
| #define HAVE_STRINGS_H 1
| #define HAVE_INTTYPES_H 1
| #define HAVE_STDINT_H 1
| #define HAVE_UNISTD_H 1
| #define HAVE_FLOAT_H 1
| #define HAVE_LIMITS_H 1
| #define HAVE_MALLOC_H 1
| #define HAVE_STDDEF_H 1
| #define HAVE_STDLIB_H 1
| #define HAVE_STRING_H 1
| #define HAVE_UNISTD_H 1
| /* end confdefs.h.  */
| #include <stdio.h>
| #ifdef HAVE_SYS_TYPES_H
| # include <sys/types.h>
| #endif
| #ifdef HAVE_SYS_STAT_H
| # include <sys/stat.h>
| #endif
| #ifdef STDC_HEADERS
| # include <stdlib.h>
| # include <stddef.h>
| #else
| # ifdef HAVE_STDLIB_H
| #  include <stdlib.h>
| # endif
| #endif
| #ifdef HAVE_STRING_H
| # if !defined STDC_HEADERS && defined HAVE_MEMORY_H
| #  include <memory.h>
| # endif
| # include <string.h>
| #endif
| #ifdef HAVE_STRINGS_H
| # include <strings.h>
| #endif
| #ifdef HAVE_INTTYPES_H
| # include <inttypes.h>
| #endif
| #ifdef HAVE_STDINT_H
| # include <stdint.h>
| #endif
| #ifdef HAVE_UNISTD_H
| # include <unistd.h>
| #endif
| int
| main ()
| {
| if (sizeof ((size_t)))
| 	    return 0;
|   ;
|   return 0;
| }
configure:4219: result: yes
configure:4234: checking for stdlib.h
configure:4234: result: yes
configure:4244: checking for GNU libc compatible malloc
configure:4268: gcc -o conftest -g -O2   conftest.c  >&5
/usr/bin/ld: skipping incompatible /lib/../lib/libc.so when searching for -lc
/usr/bin/ld: skipping incompatible /usr/lib/../lib/libc.so when searching for -lc
configure:4268: $? = 0
configure:4268: ./conftest
configure:4268: $? = 0
configure:4278: result: yes
configure:4299: checking for working strtod
configure:4340: gcc -o conftest -g -O2   conftest.c  >&5
/usr/bin/ld: skipping incompatible /lib/../lib/libc.so when searching for -lc
/usr/bin/ld: skipping incompatible /usr/lib/../lib/libc.so when searching for -lc
configure:4340: $? = 0
configure:4340: ./conftest
configure:4340: $? = 0
configure:4350: result: yes
configure:4415: checking for atexit
configure:4415: gcc -o conftest -g -O2   conftest.c  >&5
/usr/bin/ld: skipping incompatible /lib/../lib/libc.so when searching for -lc
/usr/bin/ld: skipping incompatible /usr/lib/../lib/libc.so when searching for -lc
configure:4415: $? = 0
configure:4415: result: yes
configure:4415: checking for gethostname
configure:4415: gcc -o conftest -g -O2   conftest.c  >&5
/usr/bin/ld: skipping incompatible /lib/../lib/libc.so when searching for -lc
/usr/bin/ld: skipping incompatible /usr/lib/../lib/libc.so when searching for -lc
configure:4415: $? = 0
configure:4415: result: yes
configure:4415: checking for memchr
configure:4415: gcc -o conftest -g -O2   conftest.c  >&5
conftest.c:55:6: warning: conflicting types for built-in function 'memchr' [enabled by default]
 char memchr ();
      ^
/usr/bin/ld: skipping incompatible /lib/../lib/libc.so when searching for -lc
/usr/bin/ld: skipping incompatible /usr/lib/../lib/libc.so when searching for -lc
configure:4415: $? = 0
configure:4415: result: yes
configure:4415: checking for memset
configure:4415: gcc -o conftest -g -O2   conftest.c  >&5
conftest.c:56:6: warning: conflicting types for built-in function 'memset' [enabled by default]
 char memset ();
      ^
/usr/bin/ld: skipping incompatible /lib/../lib/libc.so when searching for -lc
/usr/bin/ld: skipping incompatible /usr/lib/../lib/libc.so when searching for -lc
configure:4415: $? = 0
configure:4415: result: yes
configure:4415: checking for setenv
configure:4415: gcc -o conftest -g -O2   conftest.c  >&5
/usr/bin/ld: skipping incompatible /lib/../lib/libc.so when searching for -lc
/usr/bin/ld: skipping incompatible /usr/lib/../lib/libc.so when searching for -lc
configure:4415: $? = 0
configure:4415: result: yes
configure:4415: checking for strchr
configure:4415: gcc -o conftest -g -O2   conftest.c  >&5
conftest.c:58:6: warning: conflicting types for built-in function 'strchr' [enabled by default]
 char strchr ();
      ^
/usr/bin/ld: skipping incompatible /lib/../lib/libc.so when searching for -lc
/usr/bin/ld: skipping incompatible /usr/lib/../lib/libc.so when searching for -lc
configure:4415: $? = 0
configure:4415: result: yes
configure:4415: checking for strrchr
configure:4415: gcc -o conftest -g -O2   conftest.c  >&5
conftest.c:59:6: warning: conflicting types for built-in function 'strrchr' [enabled by default]
 char strrchr ();
      ^
/usr/bin/ld: skipping incompatible /lib/../lib/libc.so when searching for -lc
/usr/bin/ld: skipping incompatible /usr/lib/../lib/libc.so when searching for -lc
configure:4415: $? = 0
configure:4415: result: yes
configure:4415: checking for strstr
configure:4415: gcc -o conftest -g -O2   conftest.c  >&5
conftest.c:60:6: warning: conflicting types for built-in function 'strstr' [enabled by default]
 char strstr ();
      ^
/usr/bin/ld: skipping incompatible /lib/../lib/libc.so when searching for -lc
/usr/bin/ld: skipping incompatible /usr/lib/../lib/libc.so when searching for -lc
configure:4415: $? = 0
configure:4415: result: yes
configure:4415: checking for strtol
configure:4415: gcc -o conftest -g -O2   conftest.c  >&5
/usr/bin/ld: skipping incompatible /lib/../lib/libc.so when searching for -lc
/usr/bin/ld: skipping incompatible /usr/lib/../lib/libc.so when searching for -lc
configure:4415: $? = 0
configure:4415: result: yes
configure:4534: checking that generated files are newer than configure
configure:4540: result: done
configure:4563: creating ./config.status

## ---------------------- ##
## Running config.status. ##
## ---------------------- ##

This file was extended by ape  config.status 1.0 , which was
generated by GNU Autoconf 2.69.  Invocation command line was

  CONFIG_FILES    = 
  CONFIG_HEADERS  = 
  CONFIG_LINKS    = 
  CONFIG_COMMANDS = 
  $ ./config.status 

on gs66-glu

config.status:873: creating Makefile
config.status:873: creating src/Makefile
config.status:873: creating include/Makefile
config.status:873: creating config.h
config.status:1102: executing depfiles commands

## ---------------- ##
## Cache variables. ##
## ---------------- ##

ac_cv_c_compiler_gnu=yes
ac_cv_env_CC_set=
ac_cv_env_CC_value=
ac_cv_env_CFLAGS_set=
ac_cv_env_CFLAGS_value=
ac_cv_env_CPPFLAGS_set=
ac_cv_env_CPPFLAGS_value=
ac_cv_env_CPP_set=
ac_cv_env_CPP_value=
ac_cv_env_LDFLAGS_set=
ac_cv_env_LDFLAGS_value=
ac_cv_env_LIBS_set=
ac_cv_env_LIBS_value=
ac_cv_env_build_alias_set=
ac_cv_env_build_alias_value=
ac_cv_env_host_alias_set=
ac_cv_env_host_alias_value=
ac_cv_env_target_alias_set=
ac_cv_env_target_alias_value=
ac_cv_func_atexit=yes
ac_cv_func_gethostname=yes
ac_cv_func_malloc_0_nonnull=yes
ac_cv_func_memchr=yes
ac_cv_func_memset=yes
ac_cv_func_setenv=yes
ac_cv_func_strchr=yes
ac_cv_func_strrchr=yes
ac_cv_func_strstr=yes
ac_cv_func_strtod=yes
ac_cv_func_strtol=yes
ac_cv_header_float_h=yes
ac_cv_header_inttypes_h=yes
ac_cv_header_limits_h=yes
ac_cv_header_malloc_h=yes
ac_cv_header_memory_h=yes
ac_cv_header_stdc=yes
ac_cv_header_stddef_h=yes
ac_cv_header_stdint_h=yes
ac_cv_header_stdlib_h=yes
ac_cv_header_string_h=yes
ac_cv_header_strings_h=yes
ac_cv_header_sys_stat_h=yes
ac_cv_header_sys_types_h=yes
ac_cv_header_unistd_h=yes
ac_cv_objext=o
ac_cv_path_EGREP='/usr/bin/grep -E'
ac_cv_path_GREP=/usr/bin/grep
ac_cv_path_install='/usr/bin/install -c'
ac_cv_path_mkdir=/usr/bin/mkdir
ac_cv_prog_AWK=gawk
ac_cv_prog_CPP='gcc -E'
ac_cv_prog_ac_ct_CC=gcc
ac_cv_prog_cc_c89=
ac_cv_prog_cc_g=yes
ac_cv_prog_make_make_set=yes
ac_cv_search_free_readline_memory_=no
ac_cv_type_size_t=yes
am_cv_CC_dependencies_compiler_type=none
am_cv_make_support_nested_variables=yes

## ----------------- ##
## Output variables. ##
## ----------------- ##

ACLOCAL='${SHELL} /Home/lhea2/areustle/glu/src/ape/missing aclocal-1.13'
AMDEPBACKSLASH='\'
AMDEP_FALSE='#'
AMDEP_TRUE=''
AMTAR='$${TAR-tar}'
AM_BACKSLASH='\'
AM_DEFAULT_V='$(AM_DEFAULT_VERBOSITY)'
AM_DEFAULT_VERBOSITY='1'
AM_V='$(V)'
AUTOCONF='${SHELL} /Home/lhea2/areustle/glu/src/ape/missing autoconf'
AUTOHEADER='${SHELL} /Home/lhea2/areustle/glu/src/ape/missing autoheader'
AUTOMAKE='${SHELL} /Home/lhea2/areustle/glu/src/ape/missing automake-1.13'
AWK='gawk'
CC='gcc'
CCDEPMODE='depmode=none'
CFLAGS='-g -O2'
CPP='gcc -E'
CPPFLAGS=''
CYGPATH_W='echo'
DEFS='-DHAVE_CONFIG_H'
DEPDIR='.deps'
ECHO_C=''
ECHO_N='-n'
ECHO_T=''
EGREP='/usr/bin/grep -E'
EXEEXT=''
GREP='/usr/bin/grep'
INSTALL_DATA='${INSTALL} -m 644'
INSTALL_PROGRAM='${INSTALL}'
INSTALL_SCRIPT='${INSTALL}'
INSTALL_STRIP_PROGRAM='$(install_sh) -c -s'
LDFLAGS=''
LIBOBJS=''
LIBS=''
LTLIBOBJS=''
MAKEINFO='${SHELL} /Home/lhea2/areustle/glu/src/ape/missing makeinfo'
MKDIR_P='/usr/bin/mkdir -p'
OBJEXT='o'
PACKAGE='ape-'
PACKAGE_BUGREPORT=''
PACKAGE_NAME='ape '
PACKAGE_STRING='ape  1.0 '
PACKAGE_TARNAME='ape-'
PACKAGE_URL=''
PACKAGE_VERSION='1.0 '
PATH_SEPARATOR=':'
POW_LIB=''
SET_MAKE=''
SHELL='/bin/sh'
STRIP=''
VERSION='1.0 '
ac_ct_CC='gcc'
am__EXEEXT_FALSE=''
am__EXEEXT_TRUE='#'
am__fastdepCC_FALSE=''
am__fastdepCC_TRUE='#'
am__include='include'
am__isrc=''
am__leading_dot='.'
am__nodep='_no'
am__quote=''
am__tar='$${TAR-tar} chof - "$$tardir"'
am__untar='$${TAR-tar} xf -'
bindir='${exec_prefix}/bin'
build_alias=''
datadir='${datarootdir}'
datarootdir='${prefix}/share'
docdir='${datarootdir}/doc/${PACKAGE_TARNAME}'
dvidir='${docdir}'
exec_prefix='${prefix}'
host_alias=''
htmldir='${docdir}'
includedir='${prefix}/include'
infodir='${datarootdir}/info'
install_sh='${SHELL} /Home/lhea2/areustle/glu/src/ape/install-sh'
libdir='${exec_prefix}/lib'
libexecdir='${exec_prefix}/libexec'
localedir='${datarootdir}/locale'
localstatedir='${prefix}/var'
mandir='${datarootdir}/man'
mkdir_p='$(MKDIR_P)'
oldincludedir='/usr/include'
pdfdir='${docdir}'
prefix='/usr/local'
program_transform_name='s,x,x,'
psdir='${docdir}'
sbindir='${exec_prefix}/sbin'
sharedstatedir='${prefix}/com'
sysconfdir='${prefix}/etc'
target_alias=''

## ----------- ##
## confdefs.h. ##
## ----------- ##

/* confdefs.h */
#define PACKAGE_NAME "ape "
#define PACKAGE_TARNAME "ape-"
#define PACKAGE_VERSION "1.0 "
#define PACKAGE_STRING "ape  1.0 "
#define PACKAGE_BUGREPORT ""
#define PACKAGE_URL ""
#define PACKAGE "ape-"
#define VERSION "1.0 "
#define STDC_HEADERS 1
#define HAVE_SYS_TYPES_H 1
#define HAVE_SYS_STAT_H 1
#define HAVE_STDLIB_H 1
#define HAVE_STRING_H 1
#define HAVE_MEMORY_H 1
#define HAVE_STRINGS_H 1
#define HAVE_INTTYPES_H 1
#define HAVE_STDINT_H 1
#define HAVE_UNISTD_H 1
#define HAVE_FLOAT_H 1
#define HAVE_LIMITS_H 1
#define HAVE_MALLOC_H 1
#define HAVE_STDDEF_H 1
#define HAVE_STDLIB_H 1
#define HAVE_STRING_H 1
#define HAVE_UNISTD_H 1
#define HAVE_STDLIB_H 1
#define HAVE_MALLOC 1
#define HAVE_ATEXIT 1
#define HAVE_GETHOSTNAME 1
#define HAVE_MEMCHR 1
#define HAVE_MEMSET 1
#define HAVE_SETENV 1
#define HAVE_STRCHR 1
#define HAVE_STRRCHR 1
#define HAVE_STRSTR 1
#define HAVE_STRTOL 1

configure: exit 0
